<?xml version="1.0" encoding="UTF-8"?>
<!-- Generated by org.testng.reporters.JUnitXMLReporter -->
<testsuite hostname="jaychh1ld1" ignored="0" name="Default test" tests="3" failures="0" timestamp="10 Oct 2019 13:21:34 GMT" time="0.053" errors="0">
  <testcase name="@BeforeMethod setup" time="0.0" classname="com.hubspot.appTest.Basetest">
    <failure type="org.testng.TestNGException" message="
Parameter &amp;apos;browser&amp;apos; is required by BeforeMethod on method setup but has not been marked @Optional or defined
in /tmp/testng-eclipse-297251235/testng-customsuite.xml">
      <![CDATA[org.testng.TestNGException: Parameter 'browser' is required by BeforeMethod on method setup but has not been marked @Optional or definedin /tmp/testng-eclipse-297251235/testng-customsuite.xmlat org.testng.internal.Parameters.createParams(Parameters.java:290)at org.testng.internal.Parameters.createParametersForMethod(Parameters.java:359)at org.testng.internal.Parameters.createParameters(Parameters.java:620)at org.testng.internal.Parameters.createConfigurationParameters(Parameters.java:190)at org.testng.internal.Invoker.invokeConfigurations(Invoker.java:209)at org.testng.internal.Invoker.invokeMethod(Invoker.java:516)at org.testng.internal.Invoker.invokeTestMethod(Invoker.java:707)at org.testng.internal.Invoker.invokeTestMethods(Invoker.java:979)at org.testng.internal.TestMethodWorker.invokeTestMethods(TestMethodWorker.java:125)at org.testng.internal.TestMethodWorker.run(TestMethodWorker.java:109)at org.testng.TestRunner.privateRun(TestRunner.java:648)at org.testng.TestRunner.run(TestRunner.java:505)at org.testng.SuiteRunner.runTest(SuiteRunner.java:455)at org.testng.SuiteRunner.runSequentially(SuiteRunner.java:450)at org.testng.SuiteRunner.privateRun(SuiteRunner.java:415)at org.testng.SuiteRunner.run(SuiteRunner.java:364)at org.testng.SuiteRunnerWorker.runSuite(SuiteRunnerWorker.java:52)at org.testng.SuiteRunnerWorker.run(SuiteRunnerWorker.java:84)at org.testng.TestNG.runSuitesSequentially(TestNG.java:1187)at org.testng.TestNG.runSuitesLocally(TestNG.java:1116)at org.testng.TestNG.runSuites(TestNG.java:1028)at org.testng.TestNG.run(TestNG.java:996)at org.testng.remote.AbstractRemoteTestNG.run(AbstractRemoteTestNG.java:114)at org.testng.remote.RemoteTestNG.initAndRun(RemoteTestNG.java:251)at org.testng.remote.RemoteTestNG.main(RemoteTestNG.java:77)]]>
    </failure>
  </testcase> <!-- @BeforeMethod setup -->
  <testcase name="@AfterMethod getResult" time="0.0" classname="com.hubspot.appTest.Basetest">
    <skipped/>
  </testcase> <!-- @AfterMethod getResult -->
  <testcase name="@BeforeMethod setup" time="0.0" classname="com.hubspot.appTest.Basetest">
    <skipped/>
  </testcase> <!-- @BeforeMethod setup -->
  <testcase name="@AfterMethod getResult" time="0.0" classname="com.hubspot.appTest.Basetest">
    <skipped/>
  </testcase> <!-- @AfterMethod getResult -->
  <testcase name="@BeforeMethod setup" time="0.0" classname="com.hubspot.appTest.Basetest">
    <skipped/>
  </testcase> <!-- @BeforeMethod setup -->
  <testcase name="@AfterMethod getResult" time="0.0" classname="com.hubspot.appTest.Basetest">
    <skipped/>
  </testcase> <!-- @AfterMethod getResult -->
  <testcase name="verifyLogingpagetitle" time="0.0" classname="com.hubspot.appTest.LoginPagetest">
    <skipped/>
  </testcase> <!-- verifyLogingpagetitle -->
  <testcase name="verifyloginwithValiddata" time="0.0" classname="com.hubspot.appTest.LoginPagetest">
    <skipped/>
  </testcase> <!-- verifyloginwithValiddata -->
  <testcase name="verifyloginwithNodata" time="0.0" classname="com.hubspot.appTest.LoginPagetest">
    <skipped/>
  </testcase> <!-- verifyloginwithNodata -->
</testsuite> <!-- Default test -->
